Array
(
    [score] => 552117
    [correct_chars] => 389
    [mistakes] => 21
    [accuracy] => 94.88
    [typing_speed] => 389
    [top_mistakes] => a:4,k:4,o:3,n:3,s:2
)

Original IP: 110.2.201.76
Saved IP: 110.2.201.76
Array
(
    [score] => 645888
    [correct_chars] => 349
    [mistakes] => 27
    [accuracy] => 92.82
    [typing_speed] => 349
    [top_mistakes] => a:9,i:3,u:3,n:3,r:2
)

Original IP: 110.2.201.76
Saved IP: 110.2.201.76
Array
(
    [score] => 924075
    [correct_chars] => 333
    [mistakes] => 27
    [accuracy] => 92.50
    [typing_speed] => 333
    [top_mistakes] => u:4,b:3,a:3,e:2,i:2
)

Original IP: 110.2.201.76
Saved IP: 110.2.201.76
Array
(
    [score] => 2222287
    [correct_chars] => 393
    [mistakes] => 24
    [accuracy] => 94.24
    [typing_speed] => 393
    [top_mistakes] => u:7,a:7,k:4,b:3,i:3
)

Original IP: 110.2.201.76
Saved IP: 110.2.201.76
Array
(
    [score] => 2174238
    [correct_chars] => 374
    [mistakes] => 12
    [accuracy] => 96.89
    [typing_speed] => 374
    [top_mistakes] => a:4,e:2,h:2,c:2,k:1
)

Original IP: 110.2.201.76
Saved IP: 110.2.201.76
Array
(
    [score] => 654693
    [correct_chars] => 338
    [mistakes] => 11
    [accuracy] => 96.85
    [typing_speed] => 338
    [top_mistakes] => o:2,n:2,d:2,a:2,k:1
)

Original IP: 110.2.201.76
Saved IP: 110.2.201.76
Array
(
    [score] => 2183401
    [correct_chars] => 382
    [mistakes] => 19
    [accuracy] => 95.26
    [typing_speed] => 382
    [top_mistakes] => o:4,n:3,i:3,h:2,u:1
)

Original IP: 110.2.201.76
Saved IP: 110.2.201.76
Array
(
    [score] => 2181797
    [correct_chars] => 388
    [mistakes] => 26
    [accuracy] => 93.72
    [typing_speed] => 388
    [top_mistakes] => i:5,u:5,k:3,r:3,a:3
)

Original IP: 110.2.201.76
Saved IP: 110.2.201.76
Array
(
    [score] => 13856
    [correct_chars] => 93
    [mistakes] => 14
    [accuracy] => 86.92
    [typing_speed] => 93
    [top_mistakes] => n:4,u:2,r:2,a:2,Enter:1
)

Original IP: 123.254.19.96
Saved IP: 123.254.19.96
Array
(
    [score] => 1948053
    [correct_chars] => 348
    [mistakes] => 25
    [accuracy] => 93.30
    [typing_speed] => 348
    [top_mistakes] => a:5,o:5,n:3,s:3,u:2
)

Original IP: 110.2.201.76
Saved IP: 110.2.201.76
Array
(
    [score] => 682666
    [correct_chars] => 128
    [mistakes] => 16
    [accuracy] => 88.89
    [typing_speed] => 128
    [top_mistakes] => i:3,a:3,h:2,u:2,d:2
)

Original IP: 153.187.188.64
Saved IP: 153.187.188.64
Array
(
    [score] => 803503
    [correct_chars] => 146
    [mistakes] => 12
    [accuracy] => 92.41
    [typing_speed] => 146
    [top_mistakes] => r:3,a:2,e:2,y:1,u:1
)

Original IP: 153.187.188.64
Saved IP: 153.187.188.64
Array
(
    [score] => 1093113
    [correct_chars] => 189
    [mistakes] => 6
    [accuracy] => 96.92
    [typing_speed] => 189
    [top_mistakes] => a:2,e:1,u:1,k:1,t:1
)

Original IP: 118.6.186.75
Saved IP: 118.6.186.75
Array
(
    [score] => 987677
    [correct_chars] => 189
    [mistakes] => 28
    [accuracy] => 87.10
    [typing_speed] => 189
    [top_mistakes] => i:4,n:4,o:3,u:3,k:2
)

Original IP: 118.6.186.75
Saved IP: 118.6.186.75
Array
(
    [score] => 877837
    [correct_chars] => 153
    [mistakes] => 7
    [accuracy] => 95.63
    [typing_speed] => 153
    [top_mistakes] => o:5,l:1,k:1
)

Original IP: 118.6.186.75
Saved IP: 118.6.186.75
Array
(
    [score] => 798034
    [correct_chars] => 153
    [mistakes] => 23
    [accuracy] => 86.93
    [typing_speed] => 153
    [top_mistakes] => o:6,n:4,k:4,a:3,i:3
)

Original IP: 118.6.186.75
Saved IP: 118.6.186.75
Array
(
    [score] => 1352448
    [correct_chars] => 235
    [mistakes] => 10
    [accuracy] => 95.92
    [typing_speed] => 235
    [top_mistakes] => k:2,i:2,o:2,s:1,t:1
)

Original IP: 118.6.186.75
Saved IP: 118.6.186.75
Array
(
    [score] => 2571753
    [correct_chars] => 445
    [mistakes] => 17
    [accuracy] => 96.32
    [typing_speed] => 445
    [top_mistakes] => a:3,k:2,i:2,r:2,g:1
)

Original IP: 118.6.186.75
Saved IP: 118.6.186.75
Array
(
    [score] => 350224
    [correct_chars] => 131
    [mistakes] => 16
    [accuracy] => 89.12
    [typing_speed] => 131
    [top_mistakes] => i:3,n:2,u:2,k:2,r:1
)

Original IP: 118.6.186.75
Saved IP: 118.6.186.75
Array
(
    [score] => 550145
    [correct_chars] => 123
    [mistakes] => 42
    [accuracy] => 74.55
    [typing_speed] => 123
    [top_mistakes] => s:8,i:8,u:6,r:4,o:3
)

Original IP: 118.6.186.75
Saved IP: 118.6.186.75
Array
(
    [score] => 1274586
    [correct_chars] => 222
    [mistakes] => 10
    [accuracy] => 95.69
    [typing_speed] => 222
    [top_mistakes] => a:2,i:2,s:2,n:1,h:1
)

Original IP: 118.6.186.75
Saved IP: 118.6.186.75
Array
(
    [score] => 581172
    [correct_chars] => 106
    [mistakes] => 10
    [accuracy] => 91.38
    [typing_speed] => 106
    [top_mistakes] => u:3,m:1,a:1,y:1,o:1
)

Original IP: 118.6.186.75
Saved IP: 118.6.186.75
Array
(
    [score] => 244440
    [correct_chars] => 136
    [mistakes] => 91
    [accuracy] => 59.91
    [typing_speed] => 136
    [top_mistakes] => i:9,o:9,u:8,k:7,g:7
)

Original IP: 118.6.186.75
Saved IP: 118.6.186.75
Array
(
    [score] => 197927
    [correct_chars] => 74
    [mistakes] => 9
    [accuracy] => 89.16
    [typing_speed] => 74
    [top_mistakes] => t:2,a:2,i:1,u:1,h:1
)

Original IP: 118.6.186.75
Saved IP: 118.6.186.75
Array
(
    [score] => 404210
    [correct_chars] => 80
    [mistakes] => 15
    [accuracy] => 84.21
    [typing_speed] => 80
    [top_mistakes] => u:4,a:3,n:2,m:1,o:1
)

Original IP: 118.6.186.75
Saved IP: 118.6.186.75
Array
(
    [score] => 327027
    [correct_chars] => 110
    [mistakes] => 1
    [accuracy] => 99.10
    [typing_speed] => 110
    [top_mistakes] => w:1
)

Original IP: 118.6.186.75
Saved IP: 118.6.186.75
Array
(
    [score] => 1004098
    [correct_chars] => 175
    [mistakes] => 8
    [accuracy] => 95.63
    [typing_speed] => 175
    [top_mistakes] => o:5,i:4,l:2,u:2,k:1
)

Original IP: 118.6.186.75
Saved IP: 118.6.186.75
Array
(
    [score] => 1388082
    [correct_chars] => 249
    [mistakes] => 19
    [accuracy] => 92.91
    [typing_speed] => 249
    [top_mistakes] => a:3,i:2,o:2,u:2,g:1
)

Original IP: 118.6.186.75
Saved IP: 118.6.186.75
Array
(
    [score] => 1386568
    [correct_chars] => 247
    [mistakes] => 17
    [accuracy] => 93.56
    [typing_speed] => 247
    [top_mistakes] => a:4,i:3,o:2,s:2,t:2
)

Original IP: 118.6.186.75
Saved IP: 118.6.186.75
Array
(
    [score] => 580409
    [correct_chars] => 114
    [mistakes] => 19
    [accuracy] => 85.71
    [typing_speed] => 114
    [top_mistakes] => n:5,u:5,k:5,i:3,r:2
)

Original IP: 118.6.186.75
Saved IP: 118.6.186.75
Array
(
    [score] => 1934210
    [correct_chars] => 350
    [mistakes] => 30
    [accuracy] => 92.11
    [typing_speed] => 350
    [top_mistakes] => u:7,a:4,i:3,n:3,r:3
)

Original IP: 118.6.186.75
Saved IP: 118.6.186.75
Array
(
    [score] => 1061764
    [correct_chars] => 190
    [mistakes] => 14
    [accuracy] => 93.14
    [typing_speed] => 190
    [top_mistakes] => t:4,e:4,i:4,o:2,u:2
)

Original IP: 118.6.186.75
Saved IP: 118.6.186.75
Array
(
    [score] => 902313
    [correct_chars] => 158
    [mistakes] => 8
    [accuracy] => 95.18
    [typing_speed] => 158
    [top_mistakes] => i:2,w:1,o:1,r:1,t:1
)

Original IP: 118.6.186.75
Saved IP: 118.6.186.75
Array
(
    [score] => 1159837
    [correct_chars] => 201
    [mistakes] => 8
    [accuracy] => 96.17
    [typing_speed] => 201
    [top_mistakes] => o:7,n:5,a:5,k:4,i:4
)

Original IP: 118.6.186.75
Saved IP: 118.6.186.75
Array
(
    [score] => 1148843
    [correct_chars] => 201
    [mistakes] => 10
    [accuracy] => 95.26
    [typing_speed] => 201
    [top_mistakes] => o:11,i:9,u:9,k:7,g:7
)

Original IP: 118.6.186.75
Saved IP: 118.6.186.75
Array
(
    [score] => 278460
    [correct_chars] => 109
    [mistakes] => 19
    [accuracy] => 85.16
    [typing_speed] => 109
    [top_mistakes] => i:7,a:5,u:4,k:4,z:4
)

Original IP: 118.6.186.75
Saved IP: 118.6.186.75
Array
(
    [score] => 1112394
    [correct_chars] => 194
    [mistakes] => 9
    [accuracy] => 95.57
    [typing_speed] => 194
    [top_mistakes] => t:2,a:2,o:1,i:1,y:1
)

Original IP: 118.6.186.75
Saved IP: 118.6.186.75
Array
(
    [score] => 530450
    [correct_chars] => 103
    [mistakes] => 17
    [accuracy] => 85.83
    [typing_speed] => 103
    [top_mistakes] => u:8,r:4,o:1,i:1,t:1
)

Original IP: 118.6.186.75
Saved IP: 118.6.186.75
Array
(
    [score] => 296255
    [correct_chars] => 119
    [mistakes] => 23
    [accuracy] => 83.80
    [typing_speed] => 119
    [top_mistakes] => r:5,u:4,a:4,e:3,g:3
)

Original IP: 118.6.186.75
Saved IP: 118.6.186.75
Array
(
    [score] => 1707769
    [correct_chars] => 299
    [mistakes] => 14
    [accuracy] => 95.53
    [typing_speed] => 299
    [top_mistakes] => r:3,i:2,w:2,a:2,s:2
)

Original IP: 118.6.186.75
Saved IP: 118.6.186.75
Array
(
    [score] => 505043
    [correct_chars] => 88
    [mistakes] => 4
    [accuracy] => 95.65
    [typing_speed] => 88
    [top_mistakes] => y:1,o:1,p:1,m:1
)

Original IP: 118.6.186.75
Saved IP: 118.6.186.75
Array
(
    [score] => 1762179
    [correct_chars] => 309
    [mistakes] => 15
    [accuracy] => 95.37
    [typing_speed] => 309
    [top_mistakes] => a:4,h:2,t:2,u:2,o:1
)

Original IP: 118.6.186.75
Saved IP: 118.6.186.75
Array
(
    [score] => 1303648
    [correct_chars] => 226
    [mistakes] => 8
    [accuracy] => 96.58
    [typing_speed] => 226
    [top_mistakes] => s:2,k:1,i:1,y:1,r:1
)

Original IP: 118.6.186.75
Saved IP: 118.6.186.75
Array
(
    [score] => 279123
    [correct_chars] => 96
    [mistakes] => 2
    [accuracy] => 97.96
    [typing_speed] => 96
    [top_mistakes] => w:1,u:1,e:1
)

Original IP: 118.6.186.75
Saved IP: 118.6.186.75
Array
(
    [score] => 744805
    [correct_chars] => 136
    [mistakes] => 13
    [accuracy] => 91.28
    [typing_speed] => 136
    [top_mistakes] => u:3,i:2,a:2,y:2,k:1
)

Original IP: 118.6.186.75
Saved IP: 118.6.186.75
Array
(
    [score] => 635716
    [correct_chars] => 116
    [mistakes] => 11
    [accuracy] => 91.34
    [typing_speed] => 116
    [top_mistakes] => u:7,n:6,k:5,r:4,i:4
)

Original IP: 118.6.186.75
Saved IP: 118.6.186.75
Array
(
    [score] => 799489
    [correct_chars] => 140
    [mistakes] => 6
    [accuracy] => 95.89
    [typing_speed] => 140
    [top_mistakes] => a:9,i:8,u:4,k:4,z:4
)

Original IP: 118.6.186.75
Saved IP: 118.6.186.75
Array
(
    [score] => 850000
    [correct_chars] => 170
    [mistakes] => 34
    [accuracy] => 83.33
    [typing_speed] => 170
    [top_mistakes] => i:15,o:14,u:11,n:9,k:8
)

Original IP: 118.6.186.75
Saved IP: 118.6.186.75
Array
(
    [score] => 810000
    [correct_chars] => 135
    [mistakes] => 0
    [accuracy] => 100.00
    [typing_speed] => 135
    [top_mistakes] => w:1,u:1,e:1
)

Original IP: 118.6.186.75
Saved IP: 118.6.186.75
Array
(
    [score] => 553513
    [correct_chars] => 103
    [mistakes] => 12
    [accuracy] => 89.57
    [typing_speed] => 103
    [top_mistakes] => u:11,r:5,n:3,i:2,e:2
)

Original IP: 118.6.186.75
Saved IP: 118.6.186.75
Array
(
    [score] => 408510
    [correct_chars] => 80
    [mistakes] => 14
    [accuracy] => 85.11
    [typing_speed] => 80
    [top_mistakes] => a:3,i:3,k:2,t:2,l:1
)

Original IP: 118.6.186.75
Saved IP: 118.6.186.75
Array
(
    [score] => 136213
    [correct_chars] => 178
    [mistakes] => 53
    [accuracy] => 77.06
    [typing_speed] => 178
    [top_mistakes] => n:8,o:7,s:7,i:6,a:4
)

Original IP: 118.6.186.75
Saved IP: 118.6.186.75
Array
(
    [score] => 822377
    [correct_chars] => 140
    [mistakes] => 3
    [accuracy] => 97.90
    [typing_speed] => 140
    [top_mistakes] => u:7,n:6,k:5,r:4,i:4
)

Original IP: 118.6.186.75
Saved IP: 118.6.186.75
Array
(
    [score] => 752723
    [correct_chars] => 143
    [mistakes] => 20
    [accuracy] => 87.73
    [typing_speed] => 143
    [top_mistakes] => a:4,o:4,u:2,i:2,h:1
)

Original IP: 118.6.186.75
Saved IP: 118.6.186.75
Array
(
    [score] => 1820642
    [correct_chars] => 315
    [mistakes] => 12
    [accuracy] => 96.33
    [typing_speed] => 315
    [top_mistakes] => t:2,r:2,a:2,i:2,u:1
)

Original IP: 118.6.186.75
Saved IP: 118.6.186.75
Array
(
    [score] => 1249714
    [correct_chars] => 216
    [mistakes] => 8
    [accuracy] => 96.43
    [typing_speed] => 216
    [top_mistakes] => w:1,o:1,n:1,e:1,i:1
)

Original IP: 118.6.186.75
Saved IP: 118.6.186.75
Array
(
    [score] => 1108153
    [correct_chars] => 196
    [mistakes] => 12
    [accuracy] => 94.23
    [typing_speed] => 196
    [top_mistakes] => u:4,o:3,s:2,a:2,y:1
)

Original IP: 118.6.186.75
Saved IP: 118.6.186.75
Array
(
    [score] => 1098367
    [correct_chars] => 197
    [mistakes] => 15
    [accuracy] => 92.92
    [typing_speed] => 197
    [top_mistakes] => u:3,r:2,a:2,o:2,n:2
)

Original IP: 118.6.186.75
Saved IP: 118.6.186.75
Array
(
    [score] => 589313
    [correct_chars] => 116
    [mistakes] => 21
    [accuracy] => 84.67
    [typing_speed] => 116
    [top_mistakes] => t:6,o:3,e:3,u:2,a:2
)

Original IP: 118.6.186.75
Saved IP: 118.6.186.75
Array
(
    [score] => 1407621
    [correct_chars] => 254
    [mistakes] => 21
    [accuracy] => 92.36
    [typing_speed] => 254
    [top_mistakes] => o:9,n:3,a:2,t:2,u:1
)

Original IP: 118.6.186.75
Saved IP: 118.6.186.75
Array
(
    [score] => 23400
    [correct_chars] => 39
    [mistakes] => 0
    [accuracy] => 100.00
    [typing_speed] => 39
    [top_mistakes] => a:4,o:4,u:2,i:2,h:1
)

Original IP: 118.6.186.75
Saved IP: 118.6.186.75
Array
(
    [score] => 2143260
    [correct_chars] => 379
    [mistakes] => 22
    [accuracy] => 94.51
    [typing_speed] => 379
    [top_mistakes] => o:4,t:3,n:3,w:2,a:2
)

Original IP: 118.6.186.75
Saved IP: 118.6.186.75
Array
(
    [score] => 1314068
    [correct_chars] => 240
    [mistakes] => 23
    [accuracy] => 91.25
    [typing_speed] => 240
    [top_mistakes] => k:4,u:3,i:3,n:2,a:2
)

Original IP: 118.6.186.75
Saved IP: 118.6.186.75
Array
(
    [score] => 70225
    [correct_chars] => 54
    [mistakes] => 7
    [accuracy] => 88.52
    [typing_speed] => 54
    [top_mistakes] => j:1,i:1,s:1,y:1,a:1
)

Original IP: 118.6.186.75
Saved IP: 118.6.186.75
Array
(
    [score] => 751736
    [correct_chars] => 138
    [mistakes] => 14
    [accuracy] => 90.79
    [typing_speed] => 138
    [top_mistakes] => a:3,u:2,s:2,o:2,z:1
)

Original IP: 118.6.186.75
Saved IP: 118.6.186.75
Array
(
    [score] => 1098367
    [correct_chars] => 198
    [mistakes] => 15
    [accuracy] => 92.96
    [typing_speed] => 198
    [top_mistakes] => u:6,o:5,r:3,a:3,n:3
)

Original IP: 118.6.186.75
Saved IP: 118.6.186.75
Array
(
    [score] => 1903153
    [correct_chars] => 326
    [mistakes] => 8
    [accuracy] => 97.60
    [typing_speed] => 326
    [top_mistakes] => o:2,f:1,r:1,w:1,s:1
)

Original IP: 118.6.186.75
Saved IP: 118.6.186.75
Array
(
    [score] => 29379
    [correct_chars] => 58
    [mistakes] => 629
    [accuracy] => 8.44
    [typing_speed] => 58
    [top_mistakes] => f:74,g:53,d:51,j:50,e:35
)

Original IP: 118.6.186.75
Saved IP: 118.6.186.75
Array
(
    [score] => 1253672
    [correct_chars] => 223
    [mistakes] => 15
    [accuracy] => 93.70
    [typing_speed] => 223
    [top_mistakes] => i:4,o:3,e:2,s:1,t:1
)

Original IP: 118.6.186.75
Saved IP: 118.6.186.75
Array
(
    [score] => 1389945
    [correct_chars] => 244
    [mistakes] => 13
    [accuracy] => 94.94
    [typing_speed] => 244
    [top_mistakes] => o:4,i:2,d:1,b:1,w:1
)

Original IP: 118.6.186.75
Saved IP: 118.6.186.75
Array
(
    [score] => 1082454
    [correct_chars] => 189
    [mistakes] => 9
    [accuracy] => 95.45
    [typing_speed] => 189
    [top_mistakes] => n:2,e:2,i:2,-:1,t:1
)

Original IP: 202.67.25.8
Saved IP: 202.67.25.8
Array
(
    [score] => 1425134
    [correct_chars] => 262
    [mistakes] => 27
    [accuracy] => 90.66
    [typing_speed] => 262
    [top_mistakes] => i:6,u:6,o:6,a:6,s:5
)

Original IP: 118.6.186.75
Saved IP: 118.6.186.75
Array
(
    [score] => 596601
    [correct_chars] => 106
    [mistakes] => 7
    [accuracy] => 93.81
    [typing_speed] => 106
    [top_mistakes] => o:2,n:1,a:1,k:1,y:1
)

Original IP: 118.6.186.75
Saved IP: 118.6.186.75
Array
(
    [score] => 1376409
    [correct_chars] => 239
    [mistakes] => 10
    [accuracy] => 95.98
    [typing_speed] => 239
    [top_mistakes] => a:2,o:2,n:1,-:1,t:1
)

Original IP: 118.6.186.75
Saved IP: 118.6.186.75
Array
(
    [score] => 3654
    [correct_chars] => 25
    [mistakes] => 2
    [accuracy] => 92.59
    [typing_speed] => 25
    [top_mistakes] => y:2,o:2,n:1,a:1,k:1
)

Original IP: 118.6.186.75
Saved IP: 118.6.186.75
Array
(
    [score] => 3191
    [correct_chars] => 22
    [mistakes] => 4
    [accuracy] => 84.62
    [typing_speed] => 22
    [top_mistakes] => i:2,m:1,o:1
)

Original IP: 118.6.186.75
Saved IP: 118.6.186.75
Array
(
    [score] => 36727
    [correct_chars] => 113
    [mistakes] => 36
    [accuracy] => 75.84
    [typing_speed] => 113
    [top_mistakes] => p:180,j:11,i:11,a:5,r:4
)

Original IP: 118.6.186.75
Saved IP: 118.6.186.75
Array
(
    [score] => 1025173
    [correct_chars] => 183
    [mistakes] => 13
    [accuracy] => 93.37
    [typing_speed] => 183
    [top_mistakes] => p:180,j:11,i:11,a:7,r:5
)

Original IP: 118.6.186.75
Saved IP: 118.6.186.75
Array
(
    [score] => 171738
    [correct_chars] => 122
    [mistakes] => 8
    [accuracy] => 93.85
    [typing_speed] => 122
    [top_mistakes] => p:180,i:13,j:11,a:7,r:7
)

Original IP: 118.6.186.75
Saved IP: 118.6.186.75
Array
(
    [score] => 0
    [correct_chars] => 0
    [mistakes] => 0
    [accuracy] => NaN
    [typing_speed] => 0
    [top_mistakes] => u:1,Enter:1
)

Original IP: 118.6.186.75
Saved IP: 118.6.186.75
Array
(
    [score] => 9637
    [correct_chars] => 75
    [mistakes] => 28
    [accuracy] => 72.82
    [typing_speed] => 75
    [top_mistakes] => p:180,j:23,a:20,i:13,r:7
)

Original IP: 118.6.186.75
Saved IP: 118.6.186.75
Array
(
    [score] => 1457741
    [correct_chars] => 281
    [mistakes] => 44
    [accuracy] => 86.46
    [typing_speed] => 281
    [top_mistakes] => a:7,u:5,s:5,d:3,c:3
)

Original IP: 118.6.186.75
Saved IP: 118.6.186.75
Array
(
    [score] => 18325
    [correct_chars] => 79
    [mistakes] => 5
    [accuracy] => 94.05
    [typing_speed] => 79
    [top_mistakes] => a:3,r:1,s:1
)

Original IP: 118.6.186.75
Saved IP: 118.6.186.75
Array
(
    [score] => 1463940
    [correct_chars] => 272
    [mistakes] => 30
    [accuracy] => 90.07
    [typing_speed] => 272
    [top_mistakes] => o:5,n:4,u:4,a:3,s:2
)

Original IP: ::1
Saved IP: ::1
Array
(
    [score] => 0
    [correct_chars] => 0
    [mistakes] => 0
    [accuracy] => NaN
    [typing_speed] => 0
    [top_mistakes] => 
)

Original IP: ::1
Saved IP: ::1
Array
(
    [score] => 481666
    [correct_chars] => 85
    [mistakes] => 5
    [accuracy] => 94.44
    [typing_speed] => 85
    [top_mistakes] => n:2,j:1,a:1,o:1
)

Original IP: ::1
Saved IP: ::1
Array
(
    [score] => 600888
    [correct_chars] => 104
    [mistakes] => 4
    [accuracy] => 96.30
    [typing_speed] => 104
    [top_mistakes] => u:2,t:1,r:1
)

Original IP: ::1
Saved IP: ::1
Array
(
    [score] => 187459
    [correct_chars] => 34
    [mistakes] => 3
    [accuracy] => 91.89
    [typing_speed] => 34
    [top_mistakes] => n:1,o:1,u:1
)

Original IP: ::1
Saved IP: ::1
Array
(
    [score] => 111292
    [correct_chars] => 40
    [mistakes] => 2
    [accuracy] => 95.24
    [typing_speed] => 40
    [top_mistakes] => i:1,h:1
)

Original IP: ::1
Saved IP: ::1
Array
(
    [score] => 0
    [correct_chars] => 0
    [mistakes] => 0
    [accuracy] => NaN
    [typing_speed] => 0
    [top_mistakes] => 
)

Original IP: ::1
Saved IP: ::1
Array
(
    [score] => 0
    [correct_chars] => 0
    [mistakes] => 0
    [accuracy] => NaN
    [typing_speed] => 0
    [top_mistakes] => 
)

Original IP: ::1
Saved IP: ::1
Array
(
    [score] => 0
    [correct_chars] => 0
    [mistakes] => 0
    [accuracy] => NaN
    [typing_speed] => 0
    [top_mistakes] => 
)

Original IP: ::1
Saved IP: ::1
Array
(
    [score] => 0
    [correct_chars] => 0
    [mistakes] => 0
    [accuracy] => NaN
    [typing_speed] => 0
    [top_mistakes] => 
)

Original IP: ::1
Saved IP: ::1
Array
(
    [score] => 0
    [correct_chars] => 0
    [mistakes] => 0
    [accuracy] => NaN
    [typing_speed] => 0
    [top_mistakes] => Enter:1
)

Original IP: ::1
Saved IP: ::1
